2014-06-16 09:33:34 Error: [MissingControllerException] Controller class CssController could not be found.
Exception Attributes: array (
  'class' => 'CssController',
  'plugin' => NULL,
)
Request URL: /speedon/css/bootstrap-responsive.css
Stack Trace:
#0 /Applications/MAMP/htdocs/speedon/app/webroot/index.php(108): Dispatcher->dispatch(Object(CakeRequest), Object(CakeResponse))
#1 {main}
2014-06-16 09:33:34 Error: [MissingControllerException] Controller class CssController could not be found.
Exception Attributes: array (
  'class' => 'CssController',
  'plugin' => NULL,
)
Request URL: /speedon/css/ui-lightness.jquery-ui-1.10.3.css
Stack Trace:
#0 /Applications/MAMP/htdocs/speedon/app/webroot/index.php(108): Dispatcher->dispatch(Object(CakeRequest), Object(CakeResponse))
#1 {main}
2014-06-16 09:34:43 Error: [MissingControllerException] Controller class CssController could not be found.
Exception Attributes: array (
  'class' => 'CssController',
  'plugin' => NULL,
)
Request URL: /speedon/css/ui-lightness.jquery-ui-1.10.3.css
Stack Trace:
#0 /Applications/MAMP/htdocs/speedon/app/webroot/index.php(108): Dispatcher->dispatch(Object(CakeRequest), Object(CakeResponse))
#1 {main}
2014-06-16 09:34:43 Error: [MissingControllerException] Controller class CssController could not be found.
Exception Attributes: array (
  'class' => 'CssController',
  'plugin' => NULL,
)
Request URL: /speedon/css/bootstrap-responsive.css
Stack Trace:
#0 /Applications/MAMP/htdocs/speedon/app/webroot/index.php(108): Dispatcher->dispatch(Object(CakeRequest), Object(CakeResponse))
#1 {main}
2014-06-16 09:35:01 Error: [MissingControllerException] Controller class CssController could not be found.
Exception Attributes: array (
  'class' => 'CssController',
  'plugin' => NULL,
)
Request URL: /speedon/css/bootstrap-responsive.css
Stack Trace:
#0 /Applications/MAMP/htdocs/speedon/app/webroot/index.php(108): Dispatcher->dispatch(Object(CakeRequest), Object(CakeResponse))
#1 {main}
2014-06-16 09:35:01 Error: [MissingControllerException] Controller class CssController could not be found.
Exception Attributes: array (
  'class' => 'CssController',
  'plugin' => NULL,
)
Request URL: /speedon/css/ui-lightness.jquery-ui-1.10.3.css
Stack Trace:
#0 /Applications/MAMP/htdocs/speedon/app/webroot/index.php(108): Dispatcher->dispatch(Object(CakeRequest), Object(CakeResponse))
#1 {main}
2014-06-16 09:35:16 Error: [MissingControllerException] Controller class CssController could not be found.
Exception Attributes: array (
  'class' => 'CssController',
  'plugin' => NULL,
)
Request URL: /speedon/css/ui-lightness.jquery-ui-1.10.3.css
Stack Trace:
#0 /Applications/MAMP/htdocs/speedon/app/webroot/index.php(108): Dispatcher->dispatch(Object(CakeRequest), Object(CakeResponse))
#1 {main}
2014-06-16 09:35:16 Error: [MissingControllerException] Controller class CssController could not be found.
Exception Attributes: array (
  'class' => 'CssController',
  'plugin' => NULL,
)
Request URL: /speedon/css/bootstrap-responsive.css
Stack Trace:
#0 /Applications/MAMP/htdocs/speedon/app/webroot/index.php(108): Dispatcher->dispatch(Object(CakeRequest), Object(CakeResponse))
#1 {main}
2014-06-16 09:35:16 Error: [MissingViewException] View file "/Applications/MAMP/htdocs/speedon/app/View/Pages/bootstrap.css.ctp" is missing.
Exception Attributes: array (
  'file' => '/Applications/MAMP/htdocs/speedon/app/View/Pages/bootstrap.css.ctp',
)
Request URL: /speedon/pages/bootstrap.css
Stack Trace:
#0 /Applications/MAMP/htdocs/speedon/lib/Cake/View/View.php(457): View->_getViewFileName('bootstrap.css')
#1 /Applications/MAMP/htdocs/speedon/lib/Cake/Controller/Controller.php(952): View->render('bootstrap.css', NULL)
#2 /Applications/MAMP/htdocs/speedon/app/Controller/PagesController.php(75): Controller->render('bootstrap.css')
#3 [internal function]: PagesController->display('bootstrap.css')
#4 /Applications/MAMP/htdocs/speedon/lib/Cake/Controller/Controller.php(490): ReflectionMethod->invokeArgs(Object(PagesController), Array)
#5 /Applications/MAMP/htdocs/speedon/lib/Cake/Routing/Dispatcher.php(185): Controller->invokeAction(Object(CakeRequest))
#6 /Applications/MAMP/htdocs/speedon/lib/Cake/Routing/Dispatcher.php(160): Dispatcher->_invoke(Object(PagesController), Object(CakeRequest), Object(CakeResponse))
#7 /Applications/MAMP/htdocs/speedon/app/webroot/index.php(108): Dispatcher->dispatch(Object(CakeRequest), Object(CakeResponse))
#8 {main}
2014-06-16 09:35:16 Error: [MissingViewException] View file "/Applications/MAMP/htdocs/speedon/app/View/Pages/style_a_propos.css.ctp" is missing.
Exception Attributes: array (
  'file' => '/Applications/MAMP/htdocs/speedon/app/View/Pages/style_a_propos.css.ctp',
)
Request URL: /speedon/pages/styleAPropos.css
Stack Trace:
#0 /Applications/MAMP/htdocs/speedon/lib/Cake/View/View.php(457): View->_getViewFileName('styleAPropos.cs...')
#1 /Applications/MAMP/htdocs/speedon/lib/Cake/Controller/Controller.php(952): View->render('styleAPropos.cs...', NULL)
#2 /Applications/MAMP/htdocs/speedon/app/Controller/PagesController.php(75): Controller->render('styleAPropos.cs...')
#3 [internal function]: PagesController->display('styleAPropos.cs...')
#4 /Applications/MAMP/htdocs/speedon/lib/Cake/Controller/Controller.php(490): ReflectionMethod->invokeArgs(Object(PagesController), Array)
#5 /Applications/MAMP/htdocs/speedon/lib/Cake/Routing/Dispatcher.php(185): Controller->invokeAction(Object(CakeRequest))
#6 /Applications/MAMP/htdocs/speedon/lib/Cake/Routing/Dispatcher.php(160): Dispatcher->_invoke(Object(PagesController), Object(CakeRequest), Object(CakeResponse))
#7 /Applications/MAMP/htdocs/speedon/app/webroot/index.php(108): Dispatcher->dispatch(Object(CakeRequest), Object(CakeResponse))
#8 {main}
2014-06-16 09:35:18 Error: [MissingControllerException] Controller class CssController could not be found.
Exception Attributes: array (
  'class' => 'CssController',
  'plugin' => NULL,
)
Request URL: /speedon/css/bootstrap-responsive.css
Stack Trace:
#0 /Applications/MAMP/htdocs/speedon/app/webroot/index.php(108): Dispatcher->dispatch(Object(CakeRequest), Object(CakeResponse))
#1 {main}
2014-06-16 09:35:18 Error: [MissingControllerException] Controller class CssController could not be found.
Exception Attributes: array (
  'class' => 'CssController',
  'plugin' => NULL,
)
Request URL: /speedon/css/ui-lightness.jquery-ui-1.10.3.css
Stack Trace:
#0 /Applications/MAMP/htdocs/speedon/app/webroot/index.php(108): Dispatcher->dispatch(Object(CakeRequest), Object(CakeResponse))
#1 {main}
2014-06-16 09:35:37 Error: [MissingControllerException] Controller class CssController could not be found.
Exception Attributes: array (
  'class' => 'CssController',
  'plugin' => NULL,
)
Request URL: /speedon/css/ui-lightness.jquery-ui-1.10.3.css
Stack Trace:
#0 /Applications/MAMP/htdocs/speedon/app/webroot/index.php(108): Dispatcher->dispatch(Object(CakeRequest), Object(CakeResponse))
#1 {main}
2014-06-16 09:35:37 Error: [MissingControllerException] Controller class CssController could not be found.
Exception Attributes: array (
  'class' => 'CssController',
  'plugin' => NULL,
)
Request URL: /speedon/css/bootstrap-responsive.css
Stack Trace:
#0 /Applications/MAMP/htdocs/speedon/app/webroot/index.php(108): Dispatcher->dispatch(Object(CakeRequest), Object(CakeResponse))
#1 {main}
2014-06-16 09:35:39 Error: [MissingControllerException] Controller class CssController could not be found.
Exception Attributes: array (
  'class' => 'CssController',
  'plugin' => NULL,
)
Request URL: /speedon/css/ui-lightness.jquery-ui-1.10.3.css
Stack Trace:
#0 /Applications/MAMP/htdocs/speedon/app/webroot/index.php(108): Dispatcher->dispatch(Object(CakeRequest), Object(CakeResponse))
#1 {main}
2014-06-16 09:35:39 Error: [MissingControllerException] Controller class CssController could not be found.
Exception Attributes: array (
  'class' => 'CssController',
  'plugin' => NULL,
)
Request URL: /speedon/css/bootstrap-responsive.css
Stack Trace:
#0 /Applications/MAMP/htdocs/speedon/app/webroot/index.php(108): Dispatcher->dispatch(Object(CakeRequest), Object(CakeResponse))
#1 {main}
2014-06-16 10:32:48 Error: [MissingControllerException] Controller class CssController could not be found.
Exception Attributes: array (
  'class' => 'CssController',
  'plugin' => NULL,
)
Request URL: /speedon/css/ui-lightness.jquery-ui-1.10.3.css
Stack Trace:
#0 /Applications/MAMP/htdocs/speedon/app/webroot/index.php(108): Dispatcher->dispatch(Object(CakeRequest), Object(CakeResponse))
#1 {main}
2014-06-16 10:32:48 Error: [MissingControllerException] Controller class CssController could not be found.
Exception Attributes: array (
  'class' => 'CssController',
  'plugin' => NULL,
)
Request URL: /speedon/css/bootstrap-responsive.css
Stack Trace:
#0 /Applications/MAMP/htdocs/speedon/app/webroot/index.php(108): Dispatcher->dispatch(Object(CakeRequest), Object(CakeResponse))
#1 {main}
2014-06-16 10:32:50 Error: [MissingControllerException] Controller class CssController could not be found.
Exception Attributes: array (
  'class' => 'CssController',
  'plugin' => NULL,
)
Request URL: /speedon/css/bootstrap-responsive.css
Stack Trace:
#0 /Applications/MAMP/htdocs/speedon/app/webroot/index.php(108): Dispatcher->dispatch(Object(CakeRequest), Object(CakeResponse))
#1 {main}
2014-06-16 10:32:50 Error: [MissingControllerException] Controller class CssController could not be found.
Exception Attributes: array (
  'class' => 'CssController',
  'plugin' => NULL,
)
Request URL: /speedon/css/ui-lightness.jquery-ui-1.10.3.css
Stack Trace:
#0 /Applications/MAMP/htdocs/speedon/app/webroot/index.php(108): Dispatcher->dispatch(Object(CakeRequest), Object(CakeResponse))
#1 {main}
2014-06-16 10:32:51 Error: [MissingControllerException] Controller class CssController could not be found.
Exception Attributes: array (
  'class' => 'CssController',
  'plugin' => NULL,
)
Request URL: /speedon/css/ui-lightness.jquery-ui-1.10.3.css
Stack Trace:
#0 /Applications/MAMP/htdocs/speedon/app/webroot/index.php(108): Dispatcher->dispatch(Object(CakeRequest), Object(CakeResponse))
#1 {main}
2014-06-16 10:32:51 Error: [MissingControllerException] Controller class CssController could not be found.
Exception Attributes: array (
  'class' => 'CssController',
  'plugin' => NULL,
)
Request URL: /speedon/css/bootstrap-responsive.css
Stack Trace:
#0 /Applications/MAMP/htdocs/speedon/app/webroot/index.php(108): Dispatcher->dispatch(Object(CakeRequest), Object(CakeResponse))
#1 {main}
2014-06-16 10:32:54 Error: [MissingControllerException] Controller class CssController could not be found.
Exception Attributes: array (
  'class' => 'CssController',
  'plugin' => NULL,
)
Request URL: /speedon/css/bootstrap-responsive.css
Stack Trace:
#0 /Applications/MAMP/htdocs/speedon/app/webroot/index.php(108): Dispatcher->dispatch(Object(CakeRequest), Object(CakeResponse))
#1 {main}
2014-06-16 10:32:54 Error: [MissingControllerException] Controller class CssController could not be found.
Exception Attributes: array (
  'class' => 'CssController',
  'plugin' => NULL,
)
Request URL: /speedon/css/ui-lightness.jquery-ui-1.10.3.css
Stack Trace:
#0 /Applications/MAMP/htdocs/speedon/app/webroot/index.php(108): Dispatcher->dispatch(Object(CakeRequest), Object(CakeResponse))
#1 {main}
2014-06-16 10:33:04 Error: [MissingControllerException] Controller class CssController could not be found.
Exception Attributes: array (
  'class' => 'CssController',
  'plugin' => NULL,
)
Request URL: /speedon/css/bootstrap-responsive.css
Stack Trace:
#0 /Applications/MAMP/htdocs/speedon/app/webroot/index.php(108): Dispatcher->dispatch(Object(CakeRequest), Object(CakeResponse))
#1 {main}
2014-06-16 10:33:04 Error: [MissingControllerException] Controller class CssController could not be found.
Exception Attributes: array (
  'class' => 'CssController',
  'plugin' => NULL,
)
Request URL: /speedon/css/ui-lightness.jquery-ui-1.10.3.css
Stack Trace:
#0 /Applications/MAMP/htdocs/speedon/app/webroot/index.php(108): Dispatcher->dispatch(Object(CakeRequest), Object(CakeResponse))
#1 {main}
2014-06-16 10:33:04 Error: [MissingViewException] View file "/Applications/MAMP/htdocs/speedon/app/View/Pages/bootstrap.css.ctp" is missing.
Exception Attributes: array (
  'file' => '/Applications/MAMP/htdocs/speedon/app/View/Pages/bootstrap.css.ctp',
)
Request URL: /speedon/pages/bootstrap.css
Stack Trace:
#0 /Applications/MAMP/htdocs/speedon/lib/Cake/View/View.php(457): View->_getViewFileName('bootstrap.css')
#1 /Applications/MAMP/htdocs/speedon/lib/Cake/Controller/Controller.php(952): View->render('bootstrap.css', NULL)
#2 /Applications/MAMP/htdocs/speedon/app/Controller/PagesController.php(75): Controller->render('bootstrap.css')
#3 [internal function]: PagesController->display('bootstrap.css')
#4 /Applications/MAMP/htdocs/speedon/lib/Cake/Controller/Controller.php(490): ReflectionMethod->invokeArgs(Object(PagesController), Array)
#5 /Applications/MAMP/htdocs/speedon/lib/Cake/Routing/Dispatcher.php(185): Controller->invokeAction(Object(CakeRequest))
#6 /Applications/MAMP/htdocs/speedon/lib/Cake/Routing/Dispatcher.php(160): Dispatcher->_invoke(Object(PagesController), Object(CakeRequest), Object(CakeResponse))
#7 /Applications/MAMP/htdocs/speedon/app/webroot/index.php(108): Dispatcher->dispatch(Object(CakeRequest), Object(CakeResponse))
#8 {main}
2014-06-16 10:33:04 Error: [MissingViewException] View file "/Applications/MAMP/htdocs/speedon/app/View/Pages/style_a_propos.css.ctp" is missing.
Exception Attributes: array (
  'file' => '/Applications/MAMP/htdocs/speedon/app/View/Pages/style_a_propos.css.ctp',
)
Request URL: /speedon/pages/styleAPropos.css
Stack Trace:
#0 /Applications/MAMP/htdocs/speedon/lib/Cake/View/View.php(457): View->_getViewFileName('styleAPropos.cs...')
#1 /Applications/MAMP/htdocs/speedon/lib/Cake/Controller/Controller.php(952): View->render('styleAPropos.cs...', NULL)
#2 /Applications/MAMP/htdocs/speedon/app/Controller/PagesController.php(75): Controller->render('styleAPropos.cs...')
#3 [internal function]: PagesController->display('styleAPropos.cs...')
#4 /Applications/MAMP/htdocs/speedon/lib/Cake/Controller/Controller.php(490): ReflectionMethod->invokeArgs(Object(PagesController), Array)
#5 /Applications/MAMP/htdocs/speedon/lib/Cake/Routing/Dispatcher.php(185): Controller->invokeAction(Object(CakeRequest))
#6 /Applications/MAMP/htdocs/speedon/lib/Cake/Routing/Dispatcher.php(160): Dispatcher->_invoke(Object(PagesController), Object(CakeRequest), Object(CakeResponse))
#7 /Applications/MAMP/htdocs/speedon/app/webroot/index.php(108): Dispatcher->dispatch(Object(CakeRequest), Object(CakeResponse))
#8 {main}
2014-06-16 10:33:05 Error: [MissingControllerException] Controller class CssController could not be found.
Exception Attributes: array (
  'class' => 'CssController',
  'plugin' => NULL,
)
Request URL: /speedon/css/bootstrap-responsive.css
Stack Trace:
#0 /Applications/MAMP/htdocs/speedon/app/webroot/index.php(108): Dispatcher->dispatch(Object(CakeRequest), Object(CakeResponse))
#1 {main}
2014-06-16 10:33:05 Error: [MissingControllerException] Controller class CssController could not be found.
Exception Attributes: array (
  'class' => 'CssController',
  'plugin' => NULL,
)
Request URL: /speedon/css/ui-lightness.jquery-ui-1.10.3.css
Stack Trace:
#0 /Applications/MAMP/htdocs/speedon/app/webroot/index.php(108): Dispatcher->dispatch(Object(CakeRequest), Object(CakeResponse))
#1 {main}
2014-06-16 10:33:06 Error: [MissingControllerException] Controller class CssController could not be found.
Exception Attributes: array (
  'class' => 'CssController',
  'plugin' => NULL,
)
Request URL: /speedon/css/ui-lightness.jquery-ui-1.10.3.css
Stack Trace:
#0 /Applications/MAMP/htdocs/speedon/app/webroot/index.php(108): Dispatcher->dispatch(Object(CakeRequest), Object(CakeResponse))
#1 {main}
2014-06-16 10:33:06 Error: [MissingControllerException] Controller class CssController could not be found.
Exception Attributes: array (
  'class' => 'CssController',
  'plugin' => NULL,
)
Request URL: /speedon/css/bootstrap-responsive.css
Stack Trace:
#0 /Applications/MAMP/htdocs/speedon/app/webroot/index.php(108): Dispatcher->dispatch(Object(CakeRequest), Object(CakeResponse))
#1 {main}
2014-06-16 10:33:07 Error: [MissingControllerException] Controller class CssController could not be found.
Exception Attributes: array (
  'class' => 'CssController',
  'plugin' => NULL,
)
Request URL: /speedon/css/ui-lightness.jquery-ui-1.10.3.css
Stack Trace:
#0 /Applications/MAMP/htdocs/speedon/app/webroot/index.php(108): Dispatcher->dispatch(Object(CakeRequest), Object(CakeResponse))
#1 {main}
2014-06-16 10:33:07 Error: [MissingControllerException] Controller class CssController could not be found.
Exception Attributes: array (
  'class' => 'CssController',
  'plugin' => NULL,
)
Request URL: /speedon/css/bootstrap-responsive.css
Stack Trace:
#0 /Applications/MAMP/htdocs/speedon/app/webroot/index.php(108): Dispatcher->dispatch(Object(CakeRequest), Object(CakeResponse))
#1 {main}
2014-06-16 10:33:08 Error: [MissingControllerException] Controller class CssController could not be found.
Exception Attributes: array (
  'class' => 'CssController',
  'plugin' => NULL,
)
Request URL: /speedon/css/bootstrap-responsive.css
Stack Trace:
#0 /Applications/MAMP/htdocs/speedon/app/webroot/index.php(108): Dispatcher->dispatch(Object(CakeRequest), Object(CakeResponse))
#1 {main}
2014-06-16 10:33:08 Error: [MissingControllerException] Controller class CssController could not be found.
Exception Attributes: array (
  'class' => 'CssController',
  'plugin' => NULL,
)
Request URL: /speedon/css/ui-lightness.jquery-ui-1.10.3.css
Stack Trace:
#0 /Applications/MAMP/htdocs/speedon/app/webroot/index.php(108): Dispatcher->dispatch(Object(CakeRequest), Object(CakeResponse))
#1 {main}
2014-06-16 10:33:08 Error: [MissingControllerException] Controller class CssController could not be found.
Exception Attributes: array (
  'class' => 'CssController',
  'plugin' => NULL,
)
Request URL: /speedon/css/bootstrap-responsive.css
Stack Trace:
#0 /Applications/MAMP/htdocs/speedon/app/webroot/index.php(108): Dispatcher->dispatch(Object(CakeRequest), Object(CakeResponse))
#1 {main}
2014-06-16 10:33:08 Error: [MissingControllerException] Controller class CssController could not be found.
Exception Attributes: array (
  'class' => 'CssController',
  'plugin' => NULL,
)
Request URL: /speedon/css/ui-lightness.jquery-ui-1.10.3.css
Stack Trace:
#0 /Applications/MAMP/htdocs/speedon/app/webroot/index.php(108): Dispatcher->dispatch(Object(CakeRequest), Object(CakeResponse))
#1 {main}
2014-06-16 10:33:09 Error: [MissingControllerException] Controller class CssController could not be found.
Exception Attributes: array (
  'class' => 'CssController',
  'plugin' => NULL,
)
Request URL: /speedon/css/bootstrap-responsive.css
Stack Trace:
#0 /Applications/MAMP/htdocs/speedon/app/webroot/index.php(108): Dispatcher->dispatch(Object(CakeRequest), Object(CakeResponse))
#1 {main}
2014-06-16 10:33:09 Error: [MissingControllerException] Controller class CssController could not be found.
Exception Attributes: array (
  'class' => 'CssController',
  'plugin' => NULL,
)
Request URL: /speedon/css/ui-lightness.jquery-ui-1.10.3.css
Stack Trace:
#0 /Applications/MAMP/htdocs/speedon/app/webroot/index.php(108): Dispatcher->dispatch(Object(CakeRequest), Object(CakeResponse))
#1 {main}
2014-06-16 10:33:16 Error: [MissingControllerException] Controller class CssController could not be found.
Exception Attributes: array (
  'class' => 'CssController',
  'plugin' => NULL,
)
Request URL: /speedon/css/bootstrap-responsive.css
Stack Trace:
#0 /Applications/MAMP/htdocs/speedon/app/webroot/index.php(108): Dispatcher->dispatch(Object(CakeRequest), Object(CakeResponse))
#1 {main}
2014-06-16 10:33:16 Error: [MissingControllerException] Controller class CssController could not be found.
Exception Attributes: array (
  'class' => 'CssController',
  'plugin' => NULL,
)
Request URL: /speedon/css/ui-lightness.jquery-ui-1.10.3.css
Stack Trace:
#0 /Applications/MAMP/htdocs/speedon/app/webroot/index.php(108): Dispatcher->dispatch(Object(CakeRequest), Object(CakeResponse))
#1 {main}
2014-06-16 10:33:18 Error: [MissingControllerException] Controller class CssController could not be found.
Exception Attributes: array (
  'class' => 'CssController',
  'plugin' => NULL,
)
Request URL: /speedon/css/bootstrap-responsive.css
Stack Trace:
#0 /Applications/MAMP/htdocs/speedon/app/webroot/index.php(108): Dispatcher->dispatch(Object(CakeRequest), Object(CakeResponse))
#1 {main}
2014-06-16 10:33:18 Error: [MissingControllerException] Controller class CssController could not be found.
Exception Attributes: array (
  'class' => 'CssController',
  'plugin' => NULL,
)
Request URL: /speedon/css/ui-lightness.jquery-ui-1.10.3.css
Stack Trace:
#0 /Applications/MAMP/htdocs/speedon/app/webroot/index.php(108): Dispatcher->dispatch(Object(CakeRequest), Object(CakeResponse))
#1 {main}
2014-06-16 10:33:23 Error: [PDOException] SQLSTATE[23000]: Integrity constraint violation: 1048 Column 'administrateur_id' cannot be null
Request URL: /speedon/news/add
Stack Trace:
#0 /Applications/MAMP/htdocs/speedon/lib/Cake/Model/Datasource/DboSource.php(458): PDOStatement->execute(Array)
#1 /Applications/MAMP/htdocs/speedon/lib/Cake/Model/Datasource/DboSource.php(424): DboSource->_execute('INSERT INTO `sp...', Array)
#2 /Applications/MAMP/htdocs/speedon/lib/Cake/Model/Datasource/DboSource.php(1003): DboSource->execute('INSERT INTO `sp...')
#3 /Applications/MAMP/htdocs/speedon/lib/Cake/Model/Model.php(1830): DboSource->create(Object(News), Array, Array)
#4 /Applications/MAMP/htdocs/speedon/app/Controller/NewsController.php(32): Model->save(Array)
#5 [internal function]: NewsController->add()
#6 /Applications/MAMP/htdocs/speedon/lib/Cake/Controller/Controller.php(490): ReflectionMethod->invokeArgs(Object(NewsController), Array)
#7 /Applications/MAMP/htdocs/speedon/lib/Cake/Routing/Dispatcher.php(185): Controller->invokeAction(Object(CakeRequest))
#8 /Applications/MAMP/htdocs/speedon/lib/Cake/Routing/Dispatcher.php(160): Dispatcher->_invoke(Object(NewsController), Object(CakeRequest), Object(CakeResponse))
#9 /Applications/MAMP/htdocs/speedon/app/webroot/index.php(108): Dispatcher->dispatch(Object(CakeRequest), Object(CakeResponse))
#10 {main}
2014-06-16 10:33:23 Error: [MissingControllerException] Controller class CssController could not be found.
Exception Attributes: array (
  'class' => 'CssController',
  'plugin' => NULL,
)
Request URL: /speedon/css/ui-lightness.jquery-ui-1.10.3.css
Stack Trace:
#0 /Applications/MAMP/htdocs/speedon/app/webroot/index.php(108): Dispatcher->dispatch(Object(CakeRequest), Object(CakeResponse))
#1 {main}
2014-06-16 10:33:23 Error: [MissingControllerException] Controller class CssController could not be found.
Exception Attributes: array (
  'class' => 'CssController',
  'plugin' => NULL,
)
Request URL: /speedon/css/bootstrap-responsive.css
Stack Trace:
#0 /Applications/MAMP/htdocs/speedon/app/webroot/index.php(108): Dispatcher->dispatch(Object(CakeRequest), Object(CakeResponse))
#1 {main}
2014-06-16 10:34:47 Error: [MissingControllerException] Controller class CssController could not be found.
Exception Attributes: array (
  'class' => 'CssController',
  'plugin' => NULL,
)
Request URL: /speedon/css/bootstrap-responsive.css
Stack Trace:
#0 /Applications/MAMP/htdocs/speedon/app/webroot/index.php(108): Dispatcher->dispatch(Object(CakeRequest), Object(CakeResponse))
#1 {main}
2014-06-16 10:34:47 Error: [MissingControllerException] Controller class CssController could not be found.
Exception Attributes: array (
  'class' => 'CssController',
  'plugin' => NULL,
)
Request URL: /speedon/css/ui-lightness.jquery-ui-1.10.3.css
Stack Trace:
#0 /Applications/MAMP/htdocs/speedon/app/webroot/index.php(108): Dispatcher->dispatch(Object(CakeRequest), Object(CakeResponse))
#1 {main}
2014-06-16 10:34:48 Error: [MissingControllerException] Controller class CssController could not be found.
Exception Attributes: array (
  'class' => 'CssController',
  'plugin' => NULL,
)
Request URL: /speedon/css/ui-lightness.jquery-ui-1.10.3.css
Stack Trace:
#0 /Applications/MAMP/htdocs/speedon/app/webroot/index.php(108): Dispatcher->dispatch(Object(CakeRequest), Object(CakeResponse))
#1 {main}
2014-06-16 10:34:48 Error: [MissingControllerException] Controller class CssController could not be found.
Exception Attributes: array (
  'class' => 'CssController',
  'plugin' => NULL,
)
Request URL: /speedon/css/bootstrap-responsive.css
Stack Trace:
#0 /Applications/MAMP/htdocs/speedon/app/webroot/index.php(108): Dispatcher->dispatch(Object(CakeRequest), Object(CakeResponse))
#1 {main}
2014-06-16 10:34:50 Error: [MissingControllerException] Controller class CssController could not be found.
Exception Attributes: array (
  'class' => 'CssController',
  'plugin' => NULL,
)
Request URL: /speedon/css/ui-lightness.jquery-ui-1.10.3.css
Stack Trace:
#0 /Applications/MAMP/htdocs/speedon/app/webroot/index.php(108): Dispatcher->dispatch(Object(CakeRequest), Object(CakeResponse))
#1 {main}
2014-06-16 10:34:50 Error: [MissingControllerException] Controller class CssController could not be found.
Exception Attributes: array (
  'class' => 'CssController',
  'plugin' => NULL,
)
Request URL: /speedon/css/bootstrap-responsive.css
Stack Trace:
#0 /Applications/MAMP/htdocs/speedon/app/webroot/index.php(108): Dispatcher->dispatch(Object(CakeRequest), Object(CakeResponse))
#1 {main}
2014-06-16 10:35:11 Error: [MissingControllerException] Controller class CssController could not be found.
Exception Attributes: array (
  'class' => 'CssController',
  'plugin' => NULL,
)
Request URL: /speedon/css/ui-lightness.jquery-ui-1.10.3.css
Stack Trace:
#0 /Applications/MAMP/htdocs/speedon/app/webroot/index.php(108): Dispatcher->dispatch(Object(CakeRequest), Object(CakeResponse))
#1 {main}
2014-06-16 10:35:11 Error: [MissingControllerException] Controller class CssController could not be found.
Exception Attributes: array (
  'class' => 'CssController',
  'plugin' => NULL,
)
Request URL: /speedon/css/bootstrap-responsive.css
Stack Trace:
#0 /Applications/MAMP/htdocs/speedon/app/webroot/index.php(108): Dispatcher->dispatch(Object(CakeRequest), Object(CakeResponse))
#1 {main}
2014-06-16 10:35:14 Error: [PDOException] SQLSTATE[23000]: Integrity constraint violation: 1048 Column 'date' cannot be null
Request URL: /speedon/news/add
Stack Trace:
#0 /Applications/MAMP/htdocs/speedon/lib/Cake/Model/Datasource/DboSource.php(458): PDOStatement->execute(Array)
#1 /Applications/MAMP/htdocs/speedon/lib/Cake/Model/Datasource/DboSource.php(424): DboSource->_execute('INSERT INTO `sp...', Array)
#2 /Applications/MAMP/htdocs/speedon/lib/Cake/Model/Datasource/DboSource.php(1003): DboSource->execute('INSERT INTO `sp...')
#3 /Applications/MAMP/htdocs/speedon/lib/Cake/Model/Model.php(1830): DboSource->create(Object(News), Array, Array)
#4 /Applications/MAMP/htdocs/speedon/app/Controller/NewsController.php(32): Model->save(Array)
#5 [internal function]: NewsController->add()
#6 /Applications/MAMP/htdocs/speedon/lib/Cake/Controller/Controller.php(490): ReflectionMethod->invokeArgs(Object(NewsController), Array)
#7 /Applications/MAMP/htdocs/speedon/lib/Cake/Routing/Dispatcher.php(185): Controller->invokeAction(Object(CakeRequest))
#8 /Applications/MAMP/htdocs/speedon/lib/Cake/Routing/Dispatcher.php(160): Dispatcher->_invoke(Object(NewsController), Object(CakeRequest), Object(CakeResponse))
#9 /Applications/MAMP/htdocs/speedon/app/webroot/index.php(108): Dispatcher->dispatch(Object(CakeRequest), Object(CakeResponse))
#10 {main}
2014-06-16 10:35:14 Error: [MissingControllerException] Controller class CssController could not be found.
Exception Attributes: array (
  'class' => 'CssController',
  'plugin' => NULL,
)
Request URL: /speedon/css/bootstrap-responsive.css
Stack Trace:
#0 /Applications/MAMP/htdocs/speedon/app/webroot/index.php(108): Dispatcher->dispatch(Object(CakeRequest), Object(CakeResponse))
#1 {main}
2014-06-16 10:35:14 Error: [MissingControllerException] Controller class CssController could not be found.
Exception Attributes: array (
  'class' => 'CssController',
  'plugin' => NULL,
)
Request URL: /speedon/css/ui-lightness.jquery-ui-1.10.3.css
Stack Trace:
#0 /Applications/MAMP/htdocs/speedon/app/webroot/index.php(108): Dispatcher->dispatch(Object(CakeRequest), Object(CakeResponse))
#1 {main}
2014-06-16 10:36:09 Error: [MissingControllerException] Controller class CssController could not be found.
Exception Attributes: array (
  'class' => 'CssController',
  'plugin' => NULL,
)
Request URL: /speedon/css/bootstrap-responsive.css
Stack Trace:
#0 /Applications/MAMP/htdocs/speedon/app/webroot/index.php(108): Dispatcher->dispatch(Object(CakeRequest), Object(CakeResponse))
#1 {main}
2014-06-16 10:36:09 Error: [MissingControllerException] Controller class CssController could not be found.
Exception Attributes: array (
  'class' => 'CssController',
  'plugin' => NULL,
)
Request URL: /speedon/css/ui-lightness.jquery-ui-1.10.3.css
Stack Trace:
#0 /Applications/MAMP/htdocs/speedon/app/webroot/index.php(108): Dispatcher->dispatch(Object(CakeRequest), Object(CakeResponse))
#1 {main}
2014-06-16 10:36:12 Error: [MissingControllerException] Controller class CssController could not be found.
Exception Attributes: array (
  'class' => 'CssController',
  'plugin' => NULL,
)
Request URL: /speedon/css/bootstrap-responsive.css
Stack Trace:
#0 /Applications/MAMP/htdocs/speedon/app/webroot/index.php(108): Dispatcher->dispatch(Object(CakeRequest), Object(CakeResponse))
#1 {main}
2014-06-16 10:36:12 Error: [MissingControllerException] Controller class CssController could not be found.
Exception Attributes: array (
  'class' => 'CssController',
  'plugin' => NULL,
)
Request URL: /speedon/css/ui-lightness.jquery-ui-1.10.3.css
Stack Trace:
#0 /Applications/MAMP/htdocs/speedon/app/webroot/index.php(108): Dispatcher->dispatch(Object(CakeRequest), Object(CakeResponse))
#1 {main}
2014-06-16 10:36:15 Error: Fatal Error (64): Can't use function return value in write context in [/Applications/MAMP/htdocs/speedon/app/View/News/view.ctp, line 16]
2014-06-16 10:36:15 Error: [FatalErrorException] Can't use function return value in write context
Request URL: /speedon/news/view/2
Stack Trace:
#0 /Applications/MAMP/htdocs/speedon/lib/Cake/Error/ErrorHandler.php(203): ErrorHandler::handleFatalError(64, 'Can't use funct...', '/Applications/M...', 16)
#1 [internal function]: ErrorHandler::handleError(64, 'Can't use funct...', '/Applications/M...', 16, Array)
#2 /Applications/MAMP/htdocs/speedon/lib/Cake/Core/App.php(929): call_user_func('ErrorHandler::h...', 64, 'Can't use funct...', '/Applications/M...', 16, Array)
#3 /Applications/MAMP/htdocs/speedon/lib/Cake/Core/App.php(902): App::_checkFatalError()
#4 [internal function]: App::shutdown()
#5 {main}
2014-06-16 10:36:15 Error: [MissingControllerException] Controller class CssController could not be found.
Exception Attributes: array (
  'class' => 'CssController',
  'plugin' => NULL,
)
Request URL: /speedon/css/ui-lightness.jquery-ui-1.10.3.css
Stack Trace:
#0 /Applications/MAMP/htdocs/speedon/app/webroot/index.php(108): Dispatcher->dispatch(Object(CakeRequest), Object(CakeResponse))
#1 {main}
2014-06-16 10:36:15 Error: [MissingControllerException] Controller class CssController could not be found.
Exception Attributes: array (
  'class' => 'CssController',
  'plugin' => NULL,
)
Request URL: /speedon/css/bootstrap-responsive.css
Stack Trace:
#0 /Applications/MAMP/htdocs/speedon/app/webroot/index.php(108): Dispatcher->dispatch(Object(CakeRequest), Object(CakeResponse))
#1 {main}
2014-06-16 11:18:55 Error: [MissingControllerException] Controller class CssController could not be found.
Exception Attributes: array (
  'class' => 'CssController',
  'plugin' => NULL,
)
Request URL: /speedon/css/bootstrap-responsive.css
Stack Trace:
#0 /Applications/MAMP/htdocs/speedon/app/webroot/index.php(108): Dispatcher->dispatch(Object(CakeRequest), Object(CakeResponse))
#1 {main}
2014-06-16 11:18:55 Error: [MissingControllerException] Controller class CssController could not be found.
Exception Attributes: array (
  'class' => 'CssController',
  'plugin' => NULL,
)
Request URL: /speedon/css/ui-lightness.jquery-ui-1.10.3.css
Stack Trace:
#0 /Applications/MAMP/htdocs/speedon/app/webroot/index.php(108): Dispatcher->dispatch(Object(CakeRequest), Object(CakeResponse))
#1 {main}
2014-06-16 11:18:56 Error: [MissingControllerException] Controller class CssController could not be found.
Exception Attributes: array (
  'class' => 'CssController',
  'plugin' => NULL,
)
Request URL: /speedon/css/bootstrap-responsive.css
Stack Trace:
#0 /Applications/MAMP/htdocs/speedon/app/webroot/index.php(108): Dispatcher->dispatch(Object(CakeRequest), Object(CakeResponse))
#1 {main}
2014-06-16 11:18:56 Error: [MissingControllerException] Controller class CssController could not be found.
Exception Attributes: array (
  'class' => 'CssController',
  'plugin' => NULL,
)
Request URL: /speedon/css/ui-lightness.jquery-ui-1.10.3.css
Stack Trace:
#0 /Applications/MAMP/htdocs/speedon/app/webroot/index.php(108): Dispatcher->dispatch(Object(CakeRequest), Object(CakeResponse))
#1 {main}
2014-06-16 14:12:51 Error: [MissingControllerException] Controller class CssController could not be found.
Exception Attributes: array (
  'class' => 'CssController',
  'plugin' => NULL,
)
Request URL: /speedon/css/bootstrap-responsive.css
Stack Trace:
#0 /Applications/MAMP/htdocs/speedon/app/webroot/index.php(108): Dispatcher->dispatch(Object(CakeRequest), Object(CakeResponse))
#1 {main}
2014-06-16 14:12:51 Error: [MissingControllerException] Controller class CssController could not be found.
Exception Attributes: array (
  'class' => 'CssController',
  'plugin' => NULL,
)
Request URL: /speedon/css/ui-lightness.jquery-ui-1.10.3.css
Stack Trace:
#0 /Applications/MAMP/htdocs/speedon/app/webroot/index.php(108): Dispatcher->dispatch(Object(CakeRequest), Object(CakeResponse))
#1 {main}
2014-06-16 14:13:04 Error: [MissingControllerException] Controller class CssController could not be found.
Exception Attributes: array (
  'class' => 'CssController',
  'plugin' => NULL,
)
Request URL: /speedon/css/bootstrap-responsive.css
Stack Trace:
#0 /Applications/MAMP/htdocs/speedon/app/webroot/index.php(108): Dispatcher->dispatch(Object(CakeRequest), Object(CakeResponse))
#1 {main}
2014-06-16 14:13:04 Error: [MissingControllerException] Controller class CssController could not be found.
Exception Attributes: array (
  'class' => 'CssController',
  'plugin' => NULL,
)
Request URL: /speedon/css/ui-lightness.jquery-ui-1.10.3.css
Stack Trace:
#0 /Applications/MAMP/htdocs/speedon/app/webroot/index.php(108): Dispatcher->dispatch(Object(CakeRequest), Object(CakeResponse))
#1 {main}
2014-06-16 14:13:11 Error: [MissingViewException] View file "/Applications/MAMP/htdocs/speedon/app/View/Emails/html/contact.ctp" is missing.
Exception Attributes: array (
  'file' => '/Applications/MAMP/htdocs/speedon/app/View/Emails/html/contact.ctp',
)
Request URL: /speedon/contact/send
Stack Trace:
#0 /Applications/MAMP/htdocs/speedon/lib/Cake/View/View.php(457): View->_getViewFileName('contact')
#1 /Applications/MAMP/htdocs/speedon/lib/Cake/Network/Email/CakeEmail.php(1652): View->render('contact', 'default')
#2 /Applications/MAMP/htdocs/speedon/lib/Cake/Network/Email/CakeEmail.php(1509): CakeEmail->_renderTemplates('')
#3 /Applications/MAMP/htdocs/speedon/lib/Cake/Network/Email/CakeEmail.php(1120): CakeEmail->_render(Array)
#4 /Applications/MAMP/htdocs/speedon/app/Controller/ContactController.php(34): CakeEmail->send()
#5 [internal function]: ContactController->send()
#6 /Applications/MAMP/htdocs/speedon/lib/Cake/Controller/Controller.php(490): ReflectionMethod->invokeArgs(Object(ContactController), Array)
#7 /Applications/MAMP/htdocs/speedon/lib/Cake/Routing/Dispatcher.php(185): Controller->invokeAction(Object(CakeRequest))
#8 /Applications/MAMP/htdocs/speedon/lib/Cake/Routing/Dispatcher.php(160): Dispatcher->_invoke(Object(ContactController), Object(CakeRequest), Object(CakeResponse))
#9 /Applications/MAMP/htdocs/speedon/app/webroot/index.php(108): Dispatcher->dispatch(Object(CakeRequest), Object(CakeResponse))
#10 {main}
2014-06-16 14:13:11 Error: [MissingControllerException] Controller class CssController could not be found.
Exception Attributes: array (
  'class' => 'CssController',
  'plugin' => NULL,
)
Request URL: /speedon/css/ui-lightness.jquery-ui-1.10.3.css
Stack Trace:
#0 /Applications/MAMP/htdocs/speedon/app/webroot/index.php(108): Dispatcher->dispatch(Object(CakeRequest), Object(CakeResponse))
#1 {main}
2014-06-16 14:13:11 Error: [MissingControllerException] Controller class CssController could not be found.
Exception Attributes: array (
  'class' => 'CssController',
  'plugin' => NULL,
)
Request URL: /speedon/css/bootstrap-responsive.css
Stack Trace:
#0 /Applications/MAMP/htdocs/speedon/app/webroot/index.php(108): Dispatcher->dispatch(Object(CakeRequest), Object(CakeResponse))
#1 {main}
2014-06-16 14:13:45 Error: [MissingControllerException] Controller class CssController could not be found.
Exception Attributes: array (
  'class' => 'CssController',
  'plugin' => NULL,
)
Request URL: /speedon/css/ui-lightness.jquery-ui-1.10.3.css
Stack Trace:
#0 /Applications/MAMP/htdocs/speedon/app/webroot/index.php(108): Dispatcher->dispatch(Object(CakeRequest), Object(CakeResponse))
#1 {main}
2014-06-16 14:13:53 Error: [MissingControllerException] Controller class ContactsController could not be found.
Exception Attributes: array (
  'class' => 'ContactsController',
  'plugin' => NULL,
)
Request URL: /speedon/contacts/send
Stack Trace:
#0 /Applications/MAMP/htdocs/speedon/app/webroot/index.php(108): Dispatcher->dispatch(Object(CakeRequest), Object(CakeResponse))
#1 {main}
2014-06-16 14:13:53 Error: [MissingControllerException] Controller class CssController could not be found.
Exception Attributes: array (
  'class' => 'CssController',
  'plugin' => NULL,
)
Request URL: /speedon/css/bootstrap-responsive.css
Stack Trace:
#0 /Applications/MAMP/htdocs/speedon/app/webroot/index.php(108): Dispatcher->dispatch(Object(CakeRequest), Object(CakeResponse))
#1 {main}
2014-06-16 14:13:53 Error: [MissingControllerException] Controller class CssController could not be found.
Exception Attributes: array (
  'class' => 'CssController',
  'plugin' => NULL,
)
Request URL: /speedon/css/ui-lightness.jquery-ui-1.10.3.css
Stack Trace:
#0 /Applications/MAMP/htdocs/speedon/app/webroot/index.php(108): Dispatcher->dispatch(Object(CakeRequest), Object(CakeResponse))
#1 {main}
2014-06-16 14:13:57 Error: [MissingControllerException] Controller class CssController could not be found.
Exception Attributes: array (
  'class' => 'CssController',
  'plugin' => NULL,
)
Request URL: /speedon/css/ui-lightness.jquery-ui-1.10.3.css
Stack Trace:
#0 /Applications/MAMP/htdocs/speedon/app/webroot/index.php(108): Dispatcher->dispatch(Object(CakeRequest), Object(CakeResponse))
#1 {main}
2014-06-16 14:14:10 Error: [SocketException] Invalid email: ""
Request URL: /speedon/Contact/send
Stack Trace:
#0 /Applications/MAMP/htdocs/speedon/lib/Cake/Network/Email/CakeEmail.php(596): CakeEmail->_setEmail('_from', Array, NULL)
#1 /Applications/MAMP/htdocs/speedon/lib/Cake/Network/Email/CakeEmail.php(368): CakeEmail->_setEmailSingle('_from', Array, NULL, 'From requires o...')
#2 /Applications/MAMP/htdocs/speedon/app/Controller/ContactController.php(28): CakeEmail->from(Array)
#3 [internal function]: ContactController->send()
#4 /Applications/MAMP/htdocs/speedon/lib/Cake/Controller/Controller.php(490): ReflectionMethod->invokeArgs(Object(ContactController), Array)
#5 /Applications/MAMP/htdocs/speedon/lib/Cake/Routing/Dispatcher.php(185): Controller->invokeAction(Object(CakeRequest))
#6 /Applications/MAMP/htdocs/speedon/lib/Cake/Routing/Dispatcher.php(160): Dispatcher->_invoke(Object(ContactController), Object(CakeRequest), Object(CakeResponse))
#7 /Applications/MAMP/htdocs/speedon/app/webroot/index.php(108): Dispatcher->dispatch(Object(CakeRequest), Object(CakeResponse))
#8 {main}
2014-06-16 14:14:10 Error: [MissingControllerException] Controller class CssController could not be found.
Exception Attributes: array (
  'class' => 'CssController',
  'plugin' => NULL,
)
Request URL: /speedon/css/ui-lightness.jquery-ui-1.10.3.css
Stack Trace:
#0 /Applications/MAMP/htdocs/speedon/app/webroot/index.php(108): Dispatcher->dispatch(Object(CakeRequest), Object(CakeResponse))
#1 {main}
2014-06-16 14:14:10 Error: [MissingControllerException] Controller class CssController could not be found.
Exception Attributes: array (
  'class' => 'CssController',
  'plugin' => NULL,
)
Request URL: /speedon/css/bootstrap-responsive.css
Stack Trace:
#0 /Applications/MAMP/htdocs/speedon/app/webroot/index.php(108): Dispatcher->dispatch(Object(CakeRequest), Object(CakeResponse))
#1 {main}
